<?xml version="1.0" encoding="UTF-8"?>
<!-- Generated by org.testng.reporters.JUnitReportReporter -->
<testsuite skipped="0" hostname="DAWN" name="api.rest.qa.Api" tests="1" failures="0" timestamp="09 Apr 2019 15:05:55 GMT" time="3.969" errors="0">
  <testcase name="f" time="3.969" classname="api.rest.qa.Api"/>
</testsuite> <!-- api.rest.qa.Api -->
