<?xml version="1.0" encoding="UTF-8"?>
<!-- Generated by org.testng.reporters.JUnitReportReporter -->
<testsuite skipped="0" hostname="DAWN" name="api.rest.qa.apiTest" tests="1" failures="0" timestamp="08 Apr 2019 16:04:28 GMT" time="4.431" errors="0">
  <testcase name="f" time="4.431" classname="api.rest.qa.apiTest"/>
</testsuite> <!-- api.rest.qa.apiTest -->
