<?xml version="1.0" encoding="UTF-8"?>
<!-- Generated by org.testng.reporters.JUnitReportReporter -->
<testsuite skipped="0" hostname="DAWN" name="api.rest.qa.apiTest" tests="1" failures="0" timestamp="21 Apr 2019 12:59:14 GMT" time="3.640" errors="0">
  <testcase name="f" time="3.640" classname="api.rest.qa.apiTest"/>
</testsuite> <!-- api.rest.qa.apiTest -->
