<?xml version="1.0" encoding="UTF-8"?>
<!-- Generated by org.testng.reporters.JUnitReportReporter -->
<testsuite skipped="0" hostname="DAWN" name="api.rest.RestAssured.RestPut" tests="1" failures="0" timestamp="01 May 2019 16:38:11 GMT" time="12.136" errors="0">
  <testcase name="PutCall" time="12.136" classname="api.rest.RestAssured.RestPut"/>
</testsuite> <!-- api.rest.RestAssured.RestPut -->
