<?xml version="1.0" encoding="UTF-8"?>
<!-- Generated by org.testng.reporters.JUnitReportReporter -->
<testsuite skipped="0" hostname="DAWN" name="api.rest.RestAssured.RestPost" tests="2" failures="0" timestamp="28 Apr 2019 11:27:16 GMT" time="7.189" errors="0">
  <testcase name="PostCall" time="1.663" classname="api.rest.RestAssured.RestPost"/>
  <testcase name="Post" time="5.526" classname="api.rest.RestAssured.RestPost"/>
</testsuite> <!-- api.rest.RestAssured.RestPost -->
