<?xml version="1.0" encoding="UTF-8"?>
<!-- Generated by org.testng.reporters.JUnitReportReporter -->
<testsuite skipped="0" hostname="DAWN" name="api.rest.RestAssured.RestAssured" tests="1" failures="0" timestamp="28 Apr 2019 10:04:05 GMT" time="8.479" errors="0">
  <testcase name="RestGetCall" time="8.479" classname="api.rest.RestAssured.RestAssured"/>
</testsuite> <!-- api.rest.RestAssured.RestAssured -->
