<?xml version="1.0" encoding="UTF-8"?>
<!-- Generated by org.testng.reporters.JUnitReportReporter -->
<testsuite skipped="0" hostname="DAWN" name="api.rest.qa.PostTest" tests="1" failures="0" timestamp="10 Apr 2019 02:52:18 GMT" time="2.846" errors="0">
  <testcase name="PostcallTest" time="2.846" classname="api.rest.qa.PostTest"/>
</testsuite> <!-- api.rest.qa.PostTest -->
