<?xml version="1.0" encoding="UTF-8"?>
<!-- Generated by org.testng.reporters.JUnitReportReporter -->
<testsuite skipped="0" hostname="DAWN" name="api.rest.RestAssured.RestAssuredGet" tests="1" failures="0" timestamp="28 Apr 2019 10:23:23 GMT" time="15.313" errors="0">
  <testcase name="RestGetCall" time="15.313" classname="api.rest.RestAssured.RestAssuredGet"/>
</testsuite> <!-- api.rest.RestAssured.RestAssuredGet -->
