<?xml version="1.0" encoding="UTF-8"?>
<!-- Generated by org.testng.reporters.JUnitReportReporter -->
<testsuite skipped="0" hostname="DAWN" name="api.rest.RestAssured.RestDelete" tests="1" failures="0" timestamp="28 Apr 2019 10:40:32 GMT" time="6.228" errors="0">
  <testcase name="RestDeleteCall" time="6.228" classname="api.rest.RestAssured.RestDelete"/>
</testsuite> <!-- api.rest.RestAssured.RestDelete -->
